{
  "RSpec": {
    "coverage": {
      "/Users/liamcusack/turing/module_3/consultancy/chess-api/spec/requests/chess_api_request_spec.rb": {
        "lines": [
          1,
          1,
          1,
          1,
          null,
          null,
          1,
          0,
          null,
          null,
          1,
          1,
          1,
          null,
          1,
          null,
          null,
          1,
          1,
          null,
          null,
          null
        ]
      },
      "/Users/liamcusack/turing/module_3/consultancy/chess-api/app/controllers/games_controller.rb": {
        "lines": [
          1,
          1,
          1,
          1,
          0,
          0,
          null,
          null
        ]
      }
    },
    "timestamp": 1614217140
  }
}
